  main.cpp
C:\Users\thech\Documents\GitHub\snes-daw-cpp--attempt-69-\Project1\sndEMU\SPC_DSP.h(238,57): warning C4244: 'return': conversion from '__int64' to 'int', possible loss of data
  (compiling source file 'main.cpp')
  
C:\Users\thech\Documents\GitHub\snes-daw-cpp--attempt-69-\Project1\main.cpp(113,44): warning C4267: 'argument': conversion from 'size_t' to 'int', possible loss of data
C:\Users\thech\Documents\GitHub\snes-daw-cpp--attempt-69-\Project1\main.cpp(134,44): warning C4267: 'argument': conversion from 'size_t' to 'int', possible loss of data
C:\Users\thech\Documents\GitHub\snes-daw-cpp--attempt-69-\Project1\main.cpp(139,20): warning C4018: '>': signed/unsigned mismatch
C:\Users\thech\Documents\GitHub\snes-daw-cpp--attempt-69-\Project1\main.cpp(143,32): warning C4267: 'argument': conversion from 'size_t' to 'int', possible loss of data
C:\Users\thech\Documents\GitHub\snes-daw-cpp--attempt-69-\Project1\main.cpp(145,14): warning C4267: 'argument': conversion from 'size_t' to 'int', possible loss of data
C:\Users\thech\Documents\GitHub\snes-daw-cpp--attempt-69-\Project1\main.cpp(163,26): warning C4554: '>>': check operator precedence for possible error; use parentheses to clarify precedence
C:\Users\thech\Documents\GitHub\snes-daw-cpp--attempt-69-\Project1\main.cpp(164,14): warning C4267: '+=': conversion from 'size_t' to 'unsigned int', possible loss of data
C:\Users\thech\Documents\GitHub\snes-daw-cpp--attempt-69-\Project1\main.cpp(172,34): warning C4554: '>>': check operator precedence for possible error; use parentheses to clarify precedence
C:\Users\thech\Documents\GitHub\snes-daw-cpp--attempt-69-\Project1\main.cpp(173,11): warning C4267: '+=': conversion from 'size_t' to 'unsigned int', possible loss of data
C:\Users\thech\Documents\GitHub\snes-daw-cpp--attempt-69-\Project1\main.cpp(175,20): warning C4267: '+=': conversion from 'size_t' to 'unsigned int', possible loss of data
C:\Users\thech\Documents\GitHub\snes-daw-cpp--attempt-69-\Project1\main.cpp(184,28): warning C4244: 'argument': conversion from 'double' to 'unsigned int', possible loss of data
C:\Users\thech\Documents\GitHub\snes-daw-cpp--attempt-69-\Project1\main.cpp(188,13): warning C4554: '&': check operator precedence for possible error; use parentheses to clarify precedence
C:\Users\thech\Documents\GitHub\snes-daw-cpp--attempt-69-\Project1\main.cpp(202,13): warning C4554: '&': check operator precedence for possible error; use parentheses to clarify precedence
C:\Users\thech\Documents\GitHub\snes-daw-cpp--attempt-69-\Project1\main.cpp(253,19): warning C4834: discarding return value of function with [[nodiscard]] attribute
C:\Users\thech\Documents\GitHub\snes-daw-cpp--attempt-69-\Project1\main.cpp(276,14): warning C4309: 'initializing': truncation of constant value
C:\Users\thech\Documents\GitHub\snes-daw-cpp--attempt-69-\Project1\main.cpp(277,15): warning C4309: 'initializing': truncation of constant value
C:\Users\thech\Documents\GitHub\snes-daw-cpp--attempt-69-\Project1\main.cpp(332,25): warning C4834: discarding return value of function with [[nodiscard]] attribute
C:\Users\thech\Documents\GitHub\snes-daw-cpp--attempt-69-\Project1\main.cpp(577,13): warning C4244: 'initializing': conversion from 'float' to 'int', possible loss of data
C:\Users\thech\Documents\GitHub\snes-daw-cpp--attempt-69-\Project1\main.cpp(628,67): warning C4244: 'argument': conversion from 'double' to 'unsigned int', possible loss of data
C:\Users\thech\Documents\GitHub\snes-daw-cpp--attempt-69-\Project1\main.cpp(630,3): warning C4244: '=': conversion from 'int' to 'float', possible loss of data
LINK : warning LNK4067: ambiguous entry point; selected 'mainCRTStartup'
  Generating code
  Previous IPDB and IOBJ mismatch, fall back to full compilation.
  All 2048 functions were compiled because no usable IPDB/IOBJ from previous compilation was found.
  Finished generating code
  Project1.vcxproj -> C:\Users\thech\Documents\GitHub\snes-daw-cpp--attempt-69-\x64\Release\SMPiano.exe
